<?xml version="1.0" encoding="UTF-8"?>
<!-- Generated by org.testng.reporters.JUnitReportReporter -->
<testsuite hostname="LAPTOP-4F11CKJ5" failures="0" tests="4" name="swapi.test.StarWarsTest" time="5.022" errors="0" timestamp="2020-07-21T16:32:38 EDT" skipped="0">
  <testcase classname="swapi.test.StarWarsTest" name="getAllCharactersTest" time="2.947"/>
  <system-out/>
  <testcase classname="swapi.test.StarWarsTest" name="getSpecificCharacterTest" time="0.686"/>
  <system-out/>
  <testcase classname="swapi.test.StarWarsTest" name="getAllPlanetsTest" time="0.707"/>
  <system-out/>
  <testcase classname="swapi.test.StarWarsTest" name="getSpecificPlanetTest" time="0.682"/>
  <system-out/>
</testsuite> <!-- swapi.test.StarWarsTest -->
