<?xml version="1.0" encoding="UTF-8"?>
<!-- Generated by org.testng.reporters.JUnitReportReporter -->
<testsuite hostname="LAPTOP-4F11CKJ5" failures="0" tests="4" name="StarWarsAPI.StarWarsAPI.people" time="3.889" errors="0" timestamp="2020-07-21T16:19:34 EDT" skipped="2">
  <testcase classname="StarWarsAPI.StarWarsAPI.people" name="getAllCharactersTest" time="3.194"/>
  <system-out/>
  <testcase classname="StarWarsAPI.StarWarsAPI.people" name="getSpecificCharacterTest" time="0.695"/>
  <system-out/>
  <testcase classname="StarWarsAPI.StarWarsAPI.people" name="getSpecificPlanetTest">
    <skipped/>
  </testcase> <!-- getSpecificPlanetTest -->
  <system-out/>
  <testcase classname="StarWarsAPI.StarWarsAPI.people" name="getAllPlanetsTest">
    <skipped/>
  </testcase> <!-- getAllPlanetsTest -->
  <system-out/>
</testsuite> <!-- StarWarsAPI.StarWarsAPI.people -->
